============================================================
  SERVICIO DE ANALITICA - PC2 (Cerebro)
============================================================
  Broker:       tcp://127.0.0.1:5556
  BD Principal: tcp://127.0.0.1:5570
  BD Replica:   tcp://127.0.0.1:5562
  Semaforos:    tcp://127.0.0.1:5563
============================================================
  Reglas de trafico:
    NORMAL:     Q < 5  AND Vp > 35 AND D < 20
============================================================

[ANALITICA] Servicio corriendo. Ctrl+C para detener.

[ANALITICA] Escuchando eventos de sensores...
[ANALITICA] Conectado al broker en tcp://127.0.0.1:5556

[ANALITICA] Sensor: espira | Interseccion: INT-B3
[ANALITICA] Q=0 | Vp=50,0 | D=0
[ANALITICA] Estado: NORMAL
[ANALITICA] -> Enviado a BD replica (PC2)
[ANALITICA] -> Enviado a BD principal (PC3)

[ANALITICA] Sensor: camara | Interseccion: INT-D2
[ANALITICA] Q=0 | Vp=49,5 | D=0
[ANALITICA] Estado: NORMAL
[ANALITICA] -> Enviado a BD replica (PC2)
[ANALITICA] -> Enviado a BD principal (PC3)

[ANALITICA] Sensor: camara | Interseccion: INT-A1
[ANALITICA] Q=8 | Vp=40,0 | D=0
[ANALITICA] Estado: INTERMEDIO
[ANALITICA] ** CAMBIO: NORMAL -> INTERMEDIO **
[ANALITICA] -> Enviado a BD replica (PC2)
[ANALITICA] -> Enviado a BD principal (PC3)

[ANALITICA] Sensor: gps | Interseccion: INT-B3
[ANALITICA] Q=0 | Vp=34,0 | D=27
[ANALITICA] Estado: INTERMEDIO
[ANALITICA] ** CAMBIO: NORMAL -> INTERMEDIO **
[ANALITICA] -> Enviado a BD replica (PC2)
[ANALITICA] -> Enviado a BD principal (PC3)

[ANALITICA] Sensor: camara | Interseccion: INT-C5
[ANALITICA] Q=23 | Vp=33,6 | D=0
[ANALITICA] Estado: CONGESTION
[ANALITICA] ** CAMBIO: NORMAL -> CONGESTION **
[ANALITICA] -> Enviado a BD replica (PC2)
[ANALITICA] -> Enviado a BD principal (PC3)

[ANALITICA] Sensor: camara | Interseccion: INT-E4
[ANALITICA] Q=11 | Vp=12,9 | D=0
[ANALITICA] Estado: CONGESTION
[ANALITICA] ** CAMBIO: NORMAL -> CONGESTION **
[ANALITICA] -> Enviado a BD replica (PC2)
[ANALITICA] -> Enviado a BD principal (PC3)

[ANALITICA] Sensor: gps | Interseccion: INT-A1
[ANALITICA] Q=8 | Vp=47,6 | D=16
[ANALITICA] Estado: INTERMEDIO
[ANALITICA] -> Enviado a BD replica (PC2)
[ANALITICA] -> Enviado a BD principal (PC3)

[ANALITICA] Sensor: espira | Interseccion: INT-C5
[ANALITICA] Q=23 | Vp=33,6 | D=0
[ANALITICA] Estado: CONGESTION
[ANALITICA] -> Enviado a BD replica (PC2)
[ANALITICA] -> Enviado a BD principal (PC3)

[ANALITICA] Sensor: camara | Interseccion: INT-B3
[ANALITICA] Q=26 | Vp=7,9 | D=27
[ANALITICA] Estado: CONGESTION
[ANALITICA] ** CAMBIO: INTERMEDIO -> CONGESTION **
[ANALITICA] -> Enviado a BD replica (PC2)
[ANALITICA] -> Enviado a BD principal (PC3)

[ANALITICA] Sensor: gps | Interseccion: INT-D2
[ANALITICA] Q=0 | Vp=35,5 | D=20
[ANALITICA] Estado: INTERMEDIO
[ANALITICA] ** CAMBIO: NORMAL -> INTERMEDIO **
[ANALITICA] -> Enviado a BD replica (PC2)
[ANALITICA] -> Enviado a BD principal (PC3)

[ANALITICA] Sensor: espira | Interseccion: INT-D2
[ANALITICA] Q=0 | Vp=35,5 | D=20
[ANALITICA] Estado: INTERMEDIO
[ANALITICA] -> Enviado a BD replica (PC2)
[ANALITICA] -> Enviado a BD principal (PC3)

[ANALITICA] Sensor: gps | Interseccion: INT-E4
[ANALITICA] Q=11 | Vp=28,3 | D=9
[ANALITICA] Estado: CONGESTION
[ANALITICA] -> Enviado a BD replica (PC2)
[ANALITICA] -> Enviado a BD principal (PC3)

[ANALITICA] Sensor: espira | Interseccion: INT-E4
[ANALITICA] Q=11 | Vp=28,3 | D=9
[ANALITICA] Estado: CONGESTION
[ANALITICA] -> Enviado a BD replica (PC2)
[ANALITICA] -> Enviado a BD principal (PC3)

[ANALITICA] Sensor: espira | Interseccion: INT-A1
[ANALITICA] Q=8 | Vp=47,6 | D=16
[ANALITICA] Estado: INTERMEDIO
[ANALITICA] -> Enviado a BD replica (PC2)
[ANALITICA] -> Enviado a BD principal (PC3)

[ANALITICA] Sensor: gps | Interseccion: INT-C5
[ANALITICA] Q=23 | Vp=44,6 | D=10
[ANALITICA] Estado: CONGESTION
[ANALITICA] -> Enviado a BD replica (PC2)
[ANALITICA] -> Enviado a BD principal (PC3)
