============================================================
  SENSORES DE TRAFICO - PC1
============================================================
  Broker: tcp://127.0.0.1:5555
  Intervalo: 10 segundos
  Intersecciones: 5
============================================================

[SENSORES] 15 sensores iniciados
[SENSORES] Presione Ctrl+C para detener

[SENSOR] ESP-B3 conectado al broker
[SENSOR] GPS-E4 conectado al broker
[SENSOR] GPS-B3 conectado al broker
[SENSOR] GPS-A1 conectado al broker
[SENSOR] CAM-A1 conectado al broker
[SENSOR] CAM-E4 conectado al broker
[SENSOR] CAM-D2 conectado al broker
[SENSOR] ESP-D2 conectado al broker
[SENSOR] CAM-B3 conectado al broker
[SENSOR] CAM-C5 conectado al broker
[SENSOR] GPS-D2 conectado al broker
[SENSOR] ESP-C5 conectado al broker
[SENSOR] ESP-E4 conectado al broker
[SENSOR] GPS-C5 conectado al broker
[SENSOR] ESP-A1 conectado al broker
[SENSOR] GPS-D2 -> gps | INT-D2
[SENSOR] CAM-E4 -> camara | INT-E4
[SENSOR] ESP-D2 -> espira | INT-D2
[SENSOR] ESP-B3 -> espira | INT-B3
[SENSOR] ESP-C5 -> espira | INT-C5
[SENSOR] GPS-E4 -> gps | INT-E4
[SENSOR] CAM-D2 -> camara | INT-D2
[SENSOR] ESP-E4 -> espira | INT-E4
[SENSOR] CAM-C5 -> camara | INT-C5
[SENSOR] CAM-A1 -> camara | INT-A1
[SENSOR] GPS-A1 -> gps | INT-A1
[SENSOR] CAM-B3 -> camara | INT-B3
[SENSOR] GPS-B3 -> gps | INT-B3
[SENSOR] GPS-C5 -> gps | INT-C5
[SENSOR] ESP-A1 -> espira | INT-A1
